<?xml version="1.0" encoding="UTF-8"?>
<testng-results skipped="0" failed="0" ignored="0" total="1" passed="1">
  <reporter-output>
  </reporter-output>
  <suite name="Default suite" duration-ms="39787" started-at="2019-03-13T06:55:42Z" finished-at="2019-03-13T06:56:22Z">
    <groups>
    </groups>
    <test name="Default test" duration-ms="39787" started-at="2019-03-13T06:55:42Z" finished-at="2019-03-13T06:56:22Z">
      <class name="seleniumTest.com.NewSiteInstall">
        <test-method status="PASS" signature="beforeMethod()[pri:0, instance:seleniumTest.com.NewSiteInstall@3532ec19]" name="beforeMethod" is-config="true" duration-ms="16582" started-at="2019-03-13T06:55:42Z" finished-at="2019-03-13T06:55:59Z">
          <reporter-output>
          </reporter-output>
        </test-method> <!-- beforeMethod -->
        <test-method status="PASS" signature="main()[pri:0, instance:seleniumTest.com.NewSiteInstall@3532ec19]" name="main" duration-ms="23171" started-at="2019-03-13T06:55:59Z" finished-at="2019-03-13T06:56:22Z">
          <reporter-output>
          </reporter-output>
        </test-method> <!-- main -->
        <test-method status="PASS" signature="afterMethod()[pri:0, instance:seleniumTest.com.NewSiteInstall@3532ec19]" name="afterMethod" is-config="true" duration-ms="0" started-at="2019-03-13T06:56:22Z" finished-at="2019-03-13T06:56:22Z">
          <reporter-output>
          </reporter-output>
        </test-method> <!-- afterMethod -->
      </class> <!-- seleniumTest.com.NewSiteInstall -->
    </test> <!-- Default test -->
  </suite> <!-- Default suite -->
</testng-results>
