<?xml version="1.0" encoding="UTF-8"?>
<!-- Generated by org.testng.reporters.JUnitXMLReporter -->
<testsuite hostname="LTAUS00245" ignored="0" name="testngTest" tests="3" failures="0" timestamp="03 Mar 2019 02:55:10 GMT" time="53.738" errors="0">
  <testcase name="executSessionOne" time="17.252" classname="seleniumTest.com.ParallelExecution_Chrome"/>
  <testcase name="executSessionThree" time="20.235" classname="seleniumTest.com.ParallelExecution_Chrome"/>
  <testcase name="executeSessionTwo" time="16.226" classname="seleniumTest.com.ParallelExecution_Chrome"/>
</testsuite> <!-- testngTest -->
